C:\Users\Anthony\Desktop\BudgetBuilder\BudgetBuilder\BudgetBuilder\bb-app\node_modules\@schematics\angular\application\files\dist\out-tsc\__sourcedir__\environments\environment.js
C:\Users\Anthony\Desktop\BudgetBuilder\BudgetBuilder\BudgetBuilder\bb-app\node_modules\@schematics\angular\application\files\dist\out-tsc\__sourcedir__\environments\environment.js.map
C:\Users\Anthony\Desktop\BudgetBuilder\BudgetBuilder\BudgetBuilder\bb-app\node_modules\@schematics\angular\application\files\dist\out-tsc\__sourcedir__\main.js
C:\Users\Anthony\Desktop\BudgetBuilder\BudgetBuilder\BudgetBuilder\bb-app\node_modules\@schematics\angular\application\files\dist\out-tsc\__sourcedir__\main.js.map
C:\Users\Anthony\Desktop\BudgetBuilder\BudgetBuilder\BudgetBuilder\bb-app\node_modules\@schematics\angular\application\files\dist\out-tsc\__sourcedir__\polyfills.js
C:\Users\Anthony\Desktop\BudgetBuilder\BudgetBuilder\BudgetBuilder\bb-app\node_modules\@schematics\angular\application\files\dist\out-tsc\__sourcedir__\polyfills.js.map
C:\Users\Anthony\Desktop\BudgetBuilder\BudgetBuilder\BudgetBuilder\bb-app\node_modules\@schematics\angular\application\files\dist\out-tsc\__sourcedir__\test.js
C:\Users\Anthony\Desktop\BudgetBuilder\BudgetBuilder\BudgetBuilder\bb-app\node_modules\@schematics\angular\application\files\dist\out-tsc\__sourcedir__\test.js.map
C:\Users\Anthony\Desktop\BudgetBuilder\BudgetBuilder\BudgetBuilder\bb-app\node_modules\@schematics\angular\application\files\dist\out-tsc\__sourcedir__\environments\environment.prod.js
C:\Users\Anthony\Desktop\BudgetBuilder\BudgetBuilder\BudgetBuilder\bb-app\node_modules\@schematics\angular\application\files\dist\out-tsc\__sourcedir__\environments\environment.prod.js.map
C:\Users\Anthony\Desktop\BudgetBuilder\BudgetBuilder\BudgetBuilder\bb-app\node_modules\@schematics\angular\application\files\dist\out-tsc\e2e\app.po.js
C:\Users\Anthony\Desktop\BudgetBuilder\BudgetBuilder\BudgetBuilder\bb-app\node_modules\@schematics\angular\application\files\dist\out-tsc\e2e\app.po.js.map
C:\Users\Anthony\Desktop\BudgetBuilder\BudgetBuilder\BudgetBuilder\bb-app\node_modules\@schematics\angular\application\files\dist\out-tsc\e2e\app.e2e-spec.js
C:\Users\Anthony\Desktop\BudgetBuilder\BudgetBuilder\BudgetBuilder\bb-app\node_modules\@schematics\angular\application\files\dist\out-tsc\e2e\app.e2e-spec.js.map
C:\Users\Anthony\Desktop\BudgetBuilder\BudgetBuilder\BudgetBuilder\bb-app\node_modules\@schematics\angular\application\files\dist\out-tsc\__sourcedir__\environments\environment.js
C:\Users\Anthony\Desktop\BudgetBuilder\BudgetBuilder\BudgetBuilder\bb-app\node_modules\@schematics\angular\application\files\dist\out-tsc\__sourcedir__\environments\environment.js.map
C:\Users\Anthony\Desktop\BudgetBuilder\BudgetBuilder\BudgetBuilder\bb-app\node_modules\@schematics\angular\application\files\dist\out-tsc\__sourcedir__\main.js
C:\Users\Anthony\Desktop\BudgetBuilder\BudgetBuilder\BudgetBuilder\bb-app\node_modules\@schematics\angular\application\files\dist\out-tsc\__sourcedir__\main.js.map
C:\Users\Anthony\Desktop\BudgetBuilder\BudgetBuilder\BudgetBuilder\bb-app\node_modules\@schematics\angular\application\files\dist\out-tsc\__sourcedir__\polyfills.js
C:\Users\Anthony\Desktop\BudgetBuilder\BudgetBuilder\BudgetBuilder\bb-app\node_modules\@schematics\angular\application\files\dist\out-tsc\__sourcedir__\polyfills.js.map
C:\Users\Anthony\Desktop\BudgetBuilder\BudgetBuilder\BudgetBuilder\bb-app\node_modules\@schematics\angular\application\files\dist\out-tsc\__sourcedir__\test.js
C:\Users\Anthony\Desktop\BudgetBuilder\BudgetBuilder\BudgetBuilder\bb-app\node_modules\@schematics\angular\application\files\dist\out-tsc\__sourcedir__\test.js.map
C:\Users\Anthony\Desktop\BudgetBuilder\BudgetBuilder\BudgetBuilder\bb-app\node_modules\@schematics\angular\application\files\dist\out-tsc\__sourcedir__\environments\environment.prod.js
C:\Users\Anthony\Desktop\BudgetBuilder\BudgetBuilder\BudgetBuilder\bb-app\node_modules\@schematics\angular\application\files\dist\out-tsc\__sourcedir__\environments\environment.prod.js.map
C:\Users\Anthony\Desktop\BudgetBuilder\BudgetBuilder\BudgetBuilder\bb-app\node_modules\@schematics\angular\application\files\dist\out-tsc\e2e\app.po.js
C:\Users\Anthony\Desktop\BudgetBuilder\BudgetBuilder\BudgetBuilder\bb-app\node_modules\@schematics\angular\application\files\dist\out-tsc\e2e\app.po.js.map
C:\Users\Anthony\Desktop\BudgetBuilder\BudgetBuilder\BudgetBuilder\bb-app\node_modules\@schematics\angular\application\files\dist\out-tsc\e2e\app.e2e-spec.js
C:\Users\Anthony\Desktop\BudgetBuilder\BudgetBuilder\BudgetBuilder\bb-app\node_modules\@schematics\angular\application\files\dist\out-tsc\e2e\app.e2e-spec.js.map
